2015-03-23T22:29:36.588507+00:00 app[web.1]: server hp: 4160
2015-03-23T22:29:36.551164+00:00 app[web.1]: server hp: 4170
2015-03-23T22:29:36.364294+00:00 app[web.1]: server hp: 4210
2015-03-23T22:29:36.634774+00:00 app[web.1]: server hp: 4150
2015-03-23T22:29:36.814273+00:00 app[web.1]: server hp: 4110
2015-03-23T22:29:36.723778+00:00 app[web.1]: server hp: 4130
2015-03-23T22:29:36.769370+00:00 app[web.1]: server hp: 4120
2015-03-23T22:29:36.858451+00:00 app[web.1]: server hp: 4100
2015-03-23T22:29:36.678900+00:00 app[web.1]: server hp: 4140
2015-03-23T22:29:36.904215+00:00 app[web.1]: server hp: 4090
2015-03-23T22:29:36.950252+00:00 app[web.1]: server hp: 4080
2015-03-23T22:29:37.039819+00:00 app[web.1]: server hp: 4060
2015-03-23T22:29:37.128435+00:00 app[web.1]: server hp: 4040
2015-03-23T22:29:36.993384+00:00 app[web.1]: server hp: 4070
2015-03-23T22:29:37.173418+00:00 app[web.1]: server hp: 4030
2015-03-23T22:29:37.219081+00:00 app[web.1]: server hp: 4020
2015-03-23T22:29:37.084010+00:00 app[web.1]: server hp: 4050
2015-03-23T22:29:37.263466+00:00 app[web.1]: server hp: 4010
2015-03-23T22:29:37.353801+00:00 app[web.1]: server hp: 3990
2015-03-23T22:29:37.444469+00:00 app[web.1]: server hp: 3970
2015-03-23T22:29:37.309798+00:00 app[web.1]: server hp: 4000
2015-03-23T22:29:37.534533+00:00 app[web.1]: server hp: 3950
2015-03-23T22:29:37.398698+00:00 app[web.1]: server hp: 3980
2015-03-23T22:29:37.488950+00:00 app[web.1]: server hp: 3960
2015-03-23T22:29:37.578254+00:00 app[web.1]: server hp: 3940
2015-03-23T22:29:37.668925+00:00 app[web.1]: server hp: 3920
2015-03-23T22:29:37.758575+00:00 app[web.1]: server hp: 3900
2015-03-23T22:29:37.624122+00:00 app[web.1]: server hp: 3930
2015-03-23T22:29:37.715184+00:00 app[web.1]: server hp: 3910
2015-03-23T22:29:37.803324+00:00 app[web.1]: server hp: 3890
2015-03-23T22:29:37.848989+00:00 app[web.1]: server hp: 3880
2015-03-23T22:29:37.893392+00:00 app[web.1]: server hp: 3870
2015-03-23T22:29:37.984142+00:00 app[web.1]: server hp: 3850
2015-03-23T22:29:38.074145+00:00 app[web.1]: server hp: 3830
2015-03-23T22:29:38.164075+00:00 app[web.1]: server hp: 3810
2015-03-23T22:29:38.029082+00:00 app[web.1]: server hp: 3840
2015-03-23T22:29:37.938208+00:00 app[web.1]: server hp: 3860
2015-03-23T22:29:38.119161+00:00 app[web.1]: server hp: 3820
2015-03-23T22:29:38.389548+00:00 app[web.1]: server hp: 3760
2015-03-23T22:29:38.209688+00:00 app[web.1]: server hp: 3800
2015-03-23T22:29:38.299043+00:00 app[web.1]: server hp: 3780
2015-03-23T22:29:38.256465+00:00 app[web.1]: server hp: 3790
2015-03-23T22:29:38.480165+00:00 app[web.1]: server hp: 3740
2015-03-23T22:29:38.434127+00:00 app[web.1]: server hp: 3750
2015-03-23T22:29:38.343926+00:00 app[web.1]: server hp: 3770
2015-03-23T22:29:38.523581+00:00 app[web.1]: server hp: 3730
2015-03-23T22:29:38.613294+00:00 app[web.1]: server hp: 3710
2015-03-23T22:29:38.705327+00:00 app[web.1]: server hp: 3690
2015-03-23T22:29:38.658780+00:00 app[web.1]: server hp: 3700
2015-03-23T22:29:38.749608+00:00 app[web.1]: server hp: 3680
2015-03-23T22:29:38.797677+00:00 app[web.1]: server hp: 3670
2015-03-23T22:29:38.568224+00:00 app[web.1]: server hp: 3720
2015-03-23T22:29:38.839552+00:00 app[web.1]: server hp: 3660
2015-03-23T22:29:39.018322+00:00 app[web.1]: server hp: 3620
2015-03-23T22:29:38.928431+00:00 app[web.1]: server hp: 3640
2015-03-23T22:29:39.063978+00:00 app[web.1]: server hp: 3610
2015-03-23T22:29:38.883620+00:00 app[web.1]: server hp: 3650
2015-03-23T22:29:38.973278+00:00 app[web.1]: server hp: 3630
2015-03-23T22:29:39.108726+00:00 app[web.1]: server hp: 3600
2015-03-23T22:29:39.154596+00:00 app[web.1]: server hp: 3590
2015-03-23T22:29:39.244151+00:00 app[web.1]: server hp: 3570
2015-03-23T22:29:39.333580+00:00 app[web.1]: server hp: 3550
2015-03-23T22:29:39.378498+00:00 app[web.1]: server hp: 3540
2015-03-23T22:29:39.289325+00:00 app[web.1]: server hp: 3560
2015-03-23T22:29:39.347428+00:00 app[web.1]: got input
2015-03-23T22:29:39.420303+00:00 app[web.1]: got input
2015-03-23T22:29:39.199809+00:00 app[web.1]: server hp: 3580
2015-03-23T22:29:39.379930+00:00 app[web.1]: got input
2015-03-23T22:29:39.420393+00:00 app[web.1]: got input
2015-03-23T22:29:39.420220+00:00 app[web.1]: got input
2015-03-23T22:29:39.423751+00:00 app[web.1]: server hp: 3530
2015-03-23T22:29:39.471150+00:00 app[web.1]: server hp: 3520
2015-03-23T22:29:39.558610+00:00 app[web.1]: server hp: 3500
2015-03-23T22:29:39.650216+00:00 app[web.1]: server hp: 3480
2015-03-23T22:29:39.424671+00:00 app[web.1]: got input
2015-03-23T22:29:39.513512+00:00 app[web.1]: server hp: 3510
2015-03-23T22:29:39.693670+00:00 app[web.1]: server hp: 3470
2015-03-23T22:29:39.603771+00:00 app[web.1]: server hp: 3490
2015-03-23T22:29:39.738526+00:00 app[web.1]: server hp: 3460
2015-03-23T22:29:39.789507+00:00 app[web.1]: server hp: 3450
2015-03-23T22:29:39.966981+00:00 app[web.1]: server hp: 3410
2015-03-23T22:29:39.873985+00:00 app[web.1]: server hp: 3430
2015-03-23T22:29:39.829147+00:00 app[web.1]: server hp: 3440
2015-03-23T22:29:39.919541+00:00 app[web.1]: server hp: 3420
2015-03-23T22:29:40.010601+00:00 app[web.1]: server hp: 3400
2015-03-23T22:29:40.053469+00:00 app[web.1]: server hp: 3390
2015-03-23T22:29:40.189007+00:00 app[web.1]: server hp: 3360
2015-03-23T22:29:40.101664+00:00 app[web.1]: server hp: 3380
2015-03-23T22:29:40.279093+00:00 app[web.1]: server hp: 3340
2015-03-23T22:29:40.145236+00:00 app[web.1]: server hp: 3370
2015-03-23T22:29:40.233553+00:00 app[web.1]: server hp: 3350
2015-03-23T22:29:40.323681+00:00 app[web.1]: server hp: 3330
2015-03-23T22:29:40.413908+00:00 app[web.1]: server hp: 3310
2015-03-23T22:29:40.504222+00:00 app[web.1]: server hp: 3290
2015-03-23T22:29:40.368337+00:00 app[web.1]: server hp: 3320
2015-03-23T22:29:40.594203+00:00 app[web.1]: server hp: 3270
2015-03-23T22:29:40.601038+00:00 app[web.1]: game removed. there are now 0 games
2015-03-23T22:29:40.588785+00:00 heroku[router]: at=info method=GET path="/socket.io/1/websocket/mqEri_q1a66nOGMMwUoR" host=frozen-savannah-8528.herokuapp.com request_id=5b28563e-1c1d-4805-926b-108609917dad fwd="97.93.53.175" dyno=web.1 connect=1ms service=7712ms status=101 bytes=13122
2015-03-23T22:29:40.458641+00:00 app[web.1]: server hp: 3300
2015-03-23T22:29:40.548777+00:00 app[web.1]: server hp: 3280
2015-03-23T22:29:40.600789+00:00 app[web.1]: 	 socket.io:: client disconnected a82655d0-6cf7-4f6c-8632-1ce0d26be9be undefined
